  正在验证源
  正在将源远程复制到“192.168.0.18”
  正在验证体系结构
  正在验证体系结构
C:\Program Files (x86)\Microsoft Visual Studio\2019\Enterprise\MSBuild\Microsoft\VC\v160\Application Type\Linux\1.0\Linux.targets(200,5): warning : 当前项目体系结构“x86”不兼容远程系统体系结构“x64”(“x64”)。请在 Configuration Manager 中将项目体系结构切换为“x64”。如果正在交叉编译，可以忽略此警告。
  正在启动远程生成
  正在编译源:
  EventBase.cpp
  EventBuffer.cpp
  EventBufferFilter.cpp
  EventBufferSsl.cpp
  EventConfig.cpp
  EventConnector.cpp
  EventHandler.cpp
  EventLisenter.cpp
  Streambuff.cpp
  IniConfig.cpp
  Logger.cpp
  LuaEngine.cpp
  LuaWrapper.cpp
  AcceptHeartbeat.cpp
  AcceptNewFd.cpp
  AcceptReactorMgr.cpp
  ConnectEvent.cpp
  ConnectHeartbeat.cpp
  ConnectIoBuffer.cpp
  ConnectReactorMgr.cpp
  AcceptIoBuffer.cpp
  IPAddress.cpp
  ListenEvent.cpp
  ListenReactorMgr.cpp
  TimerEvent.cpp
  TimerReactorMgr.cpp
  MysqlPool.cpp
  ThreadPool.cpp
  FilterProces.cpp
  Http.cpp
  Request.cpp
  Responses.cpp
  Tcpip.cpp
  WebSocket.cpp
  AcceptReadIoTask.cpp
  ConnectReadIoTask.cpp
  NotifyTask.cpp
  Task.cpp
  TimerTask.cpp
  AcceptThread.cpp
  ConnectThread.cpp
  InotifyThread.cpp
  ListenThread.cpp
  LuaThread.cpp
  Thread.cpp
  TimerThread.cpp
  WorkThread.cpp
  Utility.cpp
  正在链接对象
  shynet.vcxproj -> E:\work\linux\gameframe\libs\libshynet.so.1.0.1
